<?xml version="1.0" encoding="UTF-8"?>
<!-- Generated by org.testng.reporters.JUnitXMLReporter -->
<testsuite ignored="0" hostname="LIN51011379" failures="0" tests="4" name="Default test" time="21.207" errors="0" timestamp="2021-07-19T18:12:30 IST">
  <testcase classname="com.cg.oranghrm.testcase.LoginPageTest" name="verifyLoginPageTitle" time="0.026"/>
  <testcase classname="com.cg.oranghrm.testcase.LoginPageTest" name="verifyLoginPageLogo" time="1.566"/>
  <testcase classname="com.cg.oranghrm.testcase.LoginPageTest" name="verifyLoginPanel" time="1.516"/>
  <testcase classname="com.cg.oranghrm.testcase.LoginPageTest" name="verifyLogin" time="9.614"/>
</testsuite> <!-- Default test -->
